<?xml version="1.0" encoding="UTF-8"?>
<!-- Generated by org.testng.reporters.JUnitReportReporter -->
<testsuite skipped="0" hostname="INDIA-PraveenSN" name="testcase.TC_002FlipKart" tests="1" failures="0" timestamp="2020-01-10T16:08:06 IST" time="39.059" errors="0">
  <testcase name="searchResult" time="39.059" classname="testcase.TC_002FlipKart"/>
</testsuite> <!-- testcase.TC_002FlipKart -->
