<?xml version="1.0" encoding="UTF-8"?>
<!-- Generated by org.testng.reporters.JUnitReportReporter -->
<testsuite skipped="0" hostname="INDIA-PraveenSN" name="testcase.TC_001FlipKart" tests="1" failures="0" timestamp="2020-01-17T16:37:48 IST" time="45.004" errors="0">
  <testcase name="searchResult" time="45.004" classname="testcase.TC_001FlipKart"/>
</testsuite> <!-- testcase.TC_001FlipKart -->
