<?xml version="1.0" encoding="UTF-8"?>
<!-- Generated by org.testng.reporters.JUnitReportReporter -->
<testsuite skipped="0" hostname="INDIA-PraveenSN" name="testcase.TC_003FlipKart" tests="1" failures="0" timestamp="2020-01-10T16:02:47 IST" time="41.150" errors="0">
  <testcase name="searchResult" time="41.150" classname="testcase.TC_003FlipKart"/>
</testsuite> <!-- testcase.TC_003FlipKart -->
